curl -X POST -H Content-Type: application/x-www-form-urlencoded -u cluster:cluster -d @getInfo.ktr.xml http://10.0.2.15:8080/kettle/registerTrans/?xml=Y
curl -X POST -H Content-Type: application/x-www-form-urlencoded -u cluster:cluster http://10.0.2.15:8080/kettle/prepareExec/?name=getInfo
curl -X POST -H Content-Type: application/x-www-form-urlencoded -u cluster:cluster http://10.0.2.15:8080/kettle/startExec/?name=getInfo
<?xml version="1.0" encoding="UTF-8"?>
<webresult>
  <result>ERROR</result>
  <message>org.pentaho.di.core.exception.KettleXMLException: 
Error reading information from XML string : 

Premature end of file.

	at org.pentaho.di.core.xml.XMLHandler.loadXMLString(XMLHandler.java:739)
	at org.pentaho.di.core.xml.XMLHandler.loadXMLString(XMLHandler.java:719)
	at org.pentaho.di.core.xml.XMLHandler.loadXMLString(XMLHandler.java:688)
	at org.pentaho.di.trans.TransConfiguration.fromXML(TransConfiguration.java:69)
	at org.pentaho.di.www.RegisterTransServlet.generateBody(RegisterTransServlet.java:50)
	at org.pentaho.di.www.BodyHttpServlet.doGet(BodyHttpServlet.java:71)
	at org.pentaho.di.www.BaseHttpServlet.doPost(BaseHttpServlet.java:103)
	at javax.servlet.http.HttpServlet.service(HttpServlet.java:595)
	at javax.servlet.http.HttpServlet.service(HttpServlet.java:668)
	at org.eclipse.jetty.servlet.ServletHolder.handle(ServletHolder.java:684)
	at org.eclipse.jetty.servlet.ServletHandler.doHandle(ServletHandler.java:503)
	at org.eclipse.jetty.server.session.SessionHandler.doHandle(SessionHandler.java:229)
	at org.eclipse.jetty.server.handler.ContextHandler.doHandle(ContextHandler.java:1086)
	at org.eclipse.jetty.servlet.ServletHandler.doScope(ServletHandler.java:429)
	at org.eclipse.jetty.server.session.SessionHandler.doScope(SessionHandler.java:193)
	at org.eclipse.jetty.server.handler.ContextHandler.doScope(ContextHandler.java:1020)
	at org.eclipse.jetty.server.handler.ScopedHandler.handle(ScopedHandler.java:135)
	at org.eclipse.jetty.server.handler.ContextHandlerCollection.handle(ContextHandlerCollection.java:255)
	at org.eclipse.jetty.server.handler.HandlerList.handle(HandlerList.java:52)
	at org.eclipse.jetty.security.SecurityHandler.handle(SecurityHandler.java:522)
	at org.eclipse.jetty.server.handler.HandlerWrapper.handle(HandlerWrapper.java:116)
	at org.eclipse.jetty.server.Server.handle(Server.java:370)
	at org.eclipse.jetty.server.AbstractHttpConnection.handleRequest(AbstractHttpConnection.java:494)
	at org.eclipse.jetty.server.BlockingHttpConnection.handleRequest(BlockingHttpConnection.java:53)
	at org.eclipse.jetty.server.AbstractHttpConnection.headerComplete(AbstractHttpConnection.java:971)
	at org.eclipse.jetty.server.AbstractHttpConnection$RequestHandler.headerComplete(AbstractHttpConnection.java:1033)
	at org.eclipse.jetty.http.HttpParser.parseNext(HttpParser.java:651)
	at org.eclipse.jetty.http.HttpParser.parseAvailable(HttpParser.java:235)
	at org.eclipse.jetty.server.BlockingHttpConnection.handle(BlockingHttpConnection.java:72)
	at org.eclipse.jetty.server.bio.SocketConnector$ConnectorEndPoint.run(SocketConnector.java:264)
	at org.eclipse.jetty.util.thread.QueuedThreadPool.runJob(QueuedThreadPool.java:608)
	at org.eclipse.jetty.util.thread.QueuedThreadPool$3.run(QueuedThreadPool.java:543)
	at java.lang.Thread.run(Thread.java:748)
Caused by: org.xml.sax.SAXParseException; Premature end of file.
	at org.apache.xerces.parsers.DOMParser.parse(Unknown Source)
	at org.apache.xerces.jaxp.DocumentBuilderImpl.parse(Unknown Source)
	at org.pentaho.di.core.xml.XMLHandler.loadXMLString(XMLHandler.java:730)
	... 32 more
</message>
  <id/>
</webresult>

